In file included from [01m[K/home/ros2/ws_RAMS/src/rams_perception/src/perception_node.cpp:7[m[K:
[01m[K/opt/ros/humble/include/tf2_sensor_msgs/tf2_sensor_msgs.h:32:2:[m[K [01;35m[Kwarning: [m[K#warning This header is obsolete, please include tf2_sensor_msgs/tf2_sensor_msgs.hpp instead [[01;35m[K]8;;https://gcc.gnu.org/onlinedocs/gcc/Warning-Options.html#index-Wcpp-Wcpp]8;;[m[K]
   32 | #[01;35m[Kwarning[m[K This header is obsolete, please include tf2_sensor_msgs/tf2_sensor_msgs.hpp instead
      |  [01;35m[K^~~~~~~[m[K
[01m[K/home/ros2/ws_RAMS/src/rams_perception/src/perception_node.cpp:54:12:[m[K [01;31m[Kerror: [m[Kâ€˜[01m[KBuffer[m[Kâ€™ in namespace â€˜[01m[Ktf2_ros[m[Kâ€™ does not name a type
   54 |   tf2_ros::[01;31m[KBuffer[m[K tf_buffer_;
      |            [01;31m[K^~~~~~[m[K
[01m[K/home/ros2/ws_RAMS/src/rams_perception/src/perception_node.cpp:[m[K In constructor â€˜[01m[KPerceptionNode::PerceptionNode(const SharedPtr&)[m[Kâ€™:
[01m[K/home/ros2/ws_RAMS/src/rams_perception/src/perception_node.cpp:15:5:[m[K [01;31m[Kerror: [m[Kclass â€˜[01m[KPerceptionNode[m[Kâ€™ does not have any field named â€˜[01m[Ktf_buffer_[m[Kâ€™
   15 |     [01;31m[Ktf_buffer_[m[K(node_->get_clock()),
      |     [01;31m[K^~~~~~~~~~[m[K
[01m[K/home/ros2/ws_RAMS/src/rams_perception/src/perception_node.cpp:16:18:[m[K [01;31m[Kerror: [m[Kâ€˜[01m[Ktf_buffer_[m[Kâ€™ was not declared in this scope
   16 |     tf_listener_([01;31m[Ktf_buffer_[m[K)
      |                  [01;31m[K^~~~~~~~~~[m[K
[01m[K/home/ros2/ws_RAMS/src/rams_perception/src/perception_node.cpp:[m[K In member function â€˜[01m[Kvoid PerceptionNode::cloudCallback(sensor_msgs::msg::PointCloud2_<std::allocator<void> >::SharedPtr)[m[Kâ€™:
[01m[K/home/ros2/ws_RAMS/src/rams_perception/src/perception_node.cpp:37:7:[m[K [01;31m[Kerror: [m[Kâ€˜[01m[Ktf_buffer_[m[Kâ€™ was not declared in this scope
   37 |       [01;31m[Ktf_buffer_[m[K.transform(*msg, cloud_out, target_frame_, rclcpp::Duration::from_seconds(1.0));
      |       [01;31m[K^~~~~~~~~~[m[K
gmake[2]: *** [CMakeFiles/perception_node.dir/build.make:76: CMakeFiles/perception_node.dir/src/perception_node.cpp.o] Error 1
gmake[1]: *** [CMakeFiles/Makefile2:137: CMakeFiles/perception_node.dir/all] Error 2
gmake: *** [Makefile:146: all] Error 2
