[0.009s] Invoking command in '/home/ros2/ws_RAMS/build/rams_perception': CMAKE_PREFIX_PATH=/opt/ros/humble /usr/bin/cmake /home/ros2/ws_RAMS/src/rams_perception -DCMAKE_INSTALL_PREFIX=/home/ros2/ws_RAMS/install/rams_perception
[0.063s] -- The C compiler identification is GNU 11.4.0
[0.126s] -- The CXX compiler identification is GNU 11.4.0
[0.131s] -- Detecting C compiler ABI info
[0.197s] -- Detecting C compiler ABI info - done
[0.202s] -- Check for working C compiler: /usr/bin/cc - skipped
[0.202s] -- Detecting C compile features
[0.204s] -- Detecting C compile features - done
[0.204s] -- Detecting CXX compiler ABI info
[0.277s] -- Detecting CXX compiler ABI info - done
[0.283s] -- Check for working CXX compiler: /usr/bin/c++ - skipped
[0.283s] -- Detecting CXX compile features
[0.283s] -- Detecting CXX compile features - done
[0.284s] -- Found ament_cmake: 1.3.12 (/opt/ros/humble/share/ament_cmake/cmake)
[0.410s] -- Found Python3: /usr/bin/python3 (found version "3.10.12") found components: Interpreter 
[0.484s] -- Found rclcpp: 16.0.14 (/opt/ros/humble/share/rclcpp/cmake)
[0.509s] -- Found rosidl_generator_c: 3.1.7 (/opt/ros/humble/share/rosidl_generator_c/cmake)
[0.513s] -- Found rosidl_adapter: 3.1.7 (/opt/ros/humble/share/rosidl_adapter/cmake)
[0.519s] -- Found rosidl_generator_cpp: 3.1.7 (/opt/ros/humble/share/rosidl_generator_cpp/cmake)
[0.528s] -- Using all available rosidl_typesupport_c: rosidl_typesupport_fastrtps_c;rosidl_typesupport_introspection_c
[0.541s] -- Using all available rosidl_typesupport_cpp: rosidl_typesupport_fastrtps_cpp;rosidl_typesupport_introspection_cpp
[0.569s] -- Found rmw_implementation_cmake: 6.1.2 (/opt/ros/humble/share/rmw_implementation_cmake/cmake)
[0.571s] -- Found rmw_fastrtps_cpp: 6.2.8 (/opt/ros/humble/share/rmw_fastrtps_cpp/cmake)
[0.654s] -- Found OpenSSL: /usr/lib/x86_64-linux-gnu/libcrypto.so (found version "3.0.2")  
[0.672s] -- Found FastRTPS: /opt/ros/humble/include  
[0.700s] -- Using RMW implementation 'rmw_fastrtps_cpp' as default
[0.706s] -- Looking for pthread.h
[0.777s] -- Looking for pthread.h - found
[0.777s] -- Performing Test CMAKE_HAVE_LIBC_PTHREAD
[0.851s] -- Performing Test CMAKE_HAVE_LIBC_PTHREAD - Success
[0.851s] -- Found Threads: TRUE  
[0.885s] -- Found sensor_msgs: 4.9.0 (/opt/ros/humble/share/sensor_msgs/cmake)
[0.907s] -- Found tf2_ros: 0.25.15 (/opt/ros/humble/share/tf2_ros/cmake)
[0.972s] -- Found tf2_sensor_msgs: 0.25.15 (/opt/ros/humble/share/tf2_sensor_msgs/cmake)
[0.985s] -- Found moveit_msgs: 2.2.1 (/opt/ros/humble/share/moveit_msgs/cmake)
[1.117s] -- Configuring done
[1.160s] -- Generating done
[1.166s] -- Build files have been written to: /home/ros2/ws_RAMS/build/rams_perception
[1.173s] Invoked command in '/home/ros2/ws_RAMS/build/rams_perception' returned '0': CMAKE_PREFIX_PATH=/opt/ros/humble /usr/bin/cmake /home/ros2/ws_RAMS/src/rams_perception -DCMAKE_INSTALL_PREFIX=/home/ros2/ws_RAMS/install/rams_perception
[1.174s] Invoking command in '/home/ros2/ws_RAMS/build/rams_perception': CMAKE_PREFIX_PATH=/opt/ros/humble /usr/bin/cmake --build /home/ros2/ws_RAMS/build/rams_perception -- -j2 -l2
[1.233s] [ 50%] [32mBuilding CXX object CMakeFiles/perception_node.dir/src/perception_node.cpp.o[0m
[1.825s] In file included from [01m[K/home/ros2/ws_RAMS/src/rams_perception/src/perception_node.cpp:7[m[K:
[1.827s] [01m[K/opt/ros/humble/include/tf2_sensor_msgs/tf2_sensor_msgs.h:32:2:[m[K [01;35m[Kwarning: [m[K#warning This header is obsolete, please include tf2_sensor_msgs/tf2_sensor_msgs.hpp instead [[01;35m[K]8;;https://gcc.gnu.org/onlinedocs/gcc/Warning-Options.html#index-Wcpp-Wcpp]8;;[m[K]
[1.827s]    32 | #[01;35m[Kwarning[m[K This header is obsolete, please include tf2_sensor_msgs/tf2_sensor_msgs.hpp instead
[1.828s]       |  [01;35m[K^~~~~~~[m[K
[5.641s] [01m[K/home/ros2/ws_RAMS/src/rams_perception/src/perception_node.cpp:54:12:[m[K [01;31m[Kerror: [m[Kâ€˜[01m[KBuffer[m[Kâ€™ in namespace â€˜[01m[Ktf2_ros[m[Kâ€™ does not name a type
[5.641s]    54 |   tf2_ros::[01;31m[KBuffer[m[K tf_buffer_;
[5.641s]       |            [01;31m[K^~~~~~[m[K
[5.641s] [01m[K/home/ros2/ws_RAMS/src/rams_perception/src/perception_node.cpp:[m[K In constructor â€˜[01m[KPerceptionNode::PerceptionNode(const SharedPtr&)[m[Kâ€™:
[5.641s] [01m[K/home/ros2/ws_RAMS/src/rams_perception/src/perception_node.cpp:15:5:[m[K [01;31m[Kerror: [m[Kclass â€˜[01m[KPerceptionNode[m[Kâ€™ does not have any field named â€˜[01m[Ktf_buffer_[m[Kâ€™
[5.641s]    15 |     [01;31m[Ktf_buffer_[m[K(node_->get_clock()),
[5.641s]       |     [01;31m[K^~~~~~~~~~[m[K
[5.646s] [01m[K/home/ros2/ws_RAMS/src/rams_perception/src/perception_node.cpp:16:18:[m[K [01;31m[Kerror: [m[Kâ€˜[01m[Ktf_buffer_[m[Kâ€™ was not declared in this scope
[5.646s]    16 |     tf_listener_([01;31m[Ktf_buffer_[m[K)
[5.646s]       |                  [01;31m[K^~~~~~~~~~[m[K
[5.670s] [01m[K/home/ros2/ws_RAMS/src/rams_perception/src/perception_node.cpp:[m[K In member function â€˜[01m[Kvoid PerceptionNode::cloudCallback(sensor_msgs::msg::PointCloud2_<std::allocator<void> >::SharedPtr)[m[Kâ€™:
[5.670s] [01m[K/home/ros2/ws_RAMS/src/rams_perception/src/perception_node.cpp:37:7:[m[K [01;31m[Kerror: [m[Kâ€˜[01m[Ktf_buffer_[m[Kâ€™ was not declared in this scope
[5.670s]    37 |       [01;31m[Ktf_buffer_[m[K.transform(*msg, cloud_out, target_frame_, rclcpp::Duration::from_seconds(1.0));
[5.670s]       |       [01;31m[K^~~~~~~~~~[m[K
[8.765s] gmake[2]: *** [CMakeFiles/perception_node.dir/build.make:76: CMakeFiles/perception_node.dir/src/perception_node.cpp.o] Error 1
[8.765s] gmake[1]: *** [CMakeFiles/Makefile2:137: CMakeFiles/perception_node.dir/all] Error 2
[8.765s] gmake: *** [Makefile:146: all] Error 2
